<?xml version="1.0" encoding="UTF-8"?>
<!-- Generated by org.testng.reporters.JUnitReportReporter -->
<testsuite hostname="BDC4B-D-BG7R9B2" name="selenium.LaunchBrowser" tests="1" failures="0" timestamp="26 Feb 2019 07:47:01 GMT" time="0.015" errors="0">
  <testcase name="openChrome" time="0.015" classname="selenium.LaunchBrowser"/>
</testsuite> <!-- selenium.LaunchBrowser -->
