<?xml version="1.0" encoding="UTF-8"?>
<!-- Generated by org.testng.reporters.JUnitReportReporter -->
<testsuite hostname="BDC4B-D-BG7R9B2" name="com.tests.LaunchBrowser" tests="1" failures="0" timestamp="26 Feb 2019 09:55:11 GMT" time="27.281" errors="0">
  <testcase name="openChrome" time="27.281" classname="com.tests.LaunchBrowser"/>
</testsuite> <!-- com.tests.LaunchBrowser -->
